<?xml version="1.0" encoding="UTF-8"?>
<testsuite xmlns:xsi="http://www.w3.org/2001/XMLSchema-instance" xsi:noNamespaceSchemaLocation="https://maven.apache.org/surefire/maven-surefire-plugin/xsd/surefire-test-report.xsd" name="tests.openJobLinksTest" time="429.822" tests="1" errors="0" skipped="0" failures="0">
  <properties>
    <property name="java.specification.version" value="19"/>
    <property name="sun.jnu.encoding" value="UTF-8"/>
    <property name="java.class.path" value="/Users/sedhumadhavan/Documents/WS/crawler/target/test-classes:/Users/sedhumadhavan/Documents/WS/crawler/target/classes:/Users/sedhumadhavan/.m2/repository/com/microsoft/playwright/playwright/1.29.0/playwright-1.29.0.jar:/Users/sedhumadhavan/.m2/repository/com/google/code/gson/gson/2.8.9/gson-2.8.9.jar:/Users/sedhumadhavan/.m2/repository/org/opentest4j/opentest4j/1.2.0/opentest4j-1.2.0.jar:/Users/sedhumadhavan/.m2/repository/com/microsoft/playwright/driver/1.29.0/driver-1.29.0.jar:/Users/sedhumadhavan/.m2/repository/com/microsoft/playwright/driver-bundle/1.29.0/driver-bundle-1.29.0.jar:/Users/sedhumadhavan/.m2/repository/org/junit/jupiter/junit-jupiter/5.8.2/junit-jupiter-5.8.2.jar:/Users/sedhumadhavan/.m2/repository/org/junit/jupiter/junit-jupiter-api/5.8.2/junit-jupiter-api-5.8.2.jar:/Users/sedhumadhavan/.m2/repository/org/junit/platform/junit-platform-commons/1.8.2/junit-platform-commons-1.8.2.jar:/Users/sedhumadhavan/.m2/repository/org/apiguardian/apiguardian-api/1.1.2/apiguardian-api-1.1.2.jar:/Users/sedhumadhavan/.m2/repository/org/junit/jupiter/junit-jupiter-params/5.8.2/junit-jupiter-params-5.8.2.jar:/Users/sedhumadhavan/.m2/repository/org/junit/jupiter/junit-jupiter-engine/5.8.2/junit-jupiter-engine-5.8.2.jar:/Users/sedhumadhavan/.m2/repository/org/junit/platform/junit-platform-engine/1.8.2/junit-platform-engine-1.8.2.jar:/Users/sedhumadhavan/.m2/repository/org/aeonbits/owner/owner/1.0.12/owner-1.0.12.jar:/Users/sedhumadhavan/.m2/repository/uk/co/jemos/podam/podam/7.2.11.RELEASE/podam-7.2.11.RELEASE.jar:/Users/sedhumadhavan/.m2/repository/net/jcip/jcip-annotations/1.0/jcip-annotations-1.0.jar:/Users/sedhumadhavan/.m2/repository/org/slf4j/slf4j-api/1.7.36/slf4j-api-1.7.36.jar:/Users/sedhumadhavan/.m2/repository/javax/annotation/javax.annotation-api/1.3.2/javax.annotation-api-1.3.2.jar:/Users/sedhumadhavan/.m2/repository/javax/validation/validation-api/2.0.1.Final/validation-api-2.0.1.Final.jar:/Users/sedhumadhavan/.m2/repository/org/apache/commons/commons-lang3/3.12.0/commons-lang3-3.12.0.jar:/Users/sedhumadhavan/.m2/repository/org/apache/logging/log4j/log4j-core/2.17.1/log4j-core-2.17.1.jar:/Users/sedhumadhavan/.m2/repository/org/apache/logging/log4j/log4j-api/2.17.1/log4j-api-2.17.1.jar:/Users/sedhumadhavan/.m2/repository/org/awaitility/awaitility/4.2.0/awaitility-4.2.0.jar:/Users/sedhumadhavan/.m2/repository/org/hamcrest/hamcrest/2.1/hamcrest-2.1.jar:/Users/sedhumadhavan/.m2/repository/org/projectlombok/lombok/1.18.24/lombok-1.18.24.jar:/Users/sedhumadhavan/.m2/repository/org/jsoup/jsoup/1.10.2/jsoup-1.10.2.jar:"/>
    <property name="java.vm.vendor" value="Homebrew"/>
    <property name="sun.arch.data.model" value="64"/>
    <property name="java.vendor.url" value="https://github.com/Homebrew/homebrew-core/issues"/>
    <property name="os.name" value="Mac OS X"/>
    <property name="java.vm.specification.version" value="19"/>
    <property name="sun.java.launcher" value="SUN_STANDARD"/>
    <property name="user.country" value="US"/>
    <property name="sun.boot.library.path" value="/opt/homebrew/Cellar/openjdk/19.0.2/libexec/openjdk.jdk/Contents/Home/lib"/>
    <property name="sun.java.command" value="/Users/sedhumadhavan/Documents/WS/crawler/target/surefire/surefirebooter9971816506460591412.jar /Users/sedhumadhavan/Documents/WS/crawler/target/surefire 2023-02-19T10-59-17_107-jvmRun1 surefire6682035394883168532tmp surefire_02552499911959073059tmp"/>
    <property name="http.nonProxyHosts" value="local|*.local|169.254/16|*.169.254/16"/>
    <property name="jdk.debug" value="release"/>
    <property name="surefire.test.class.path" value="/Users/sedhumadhavan/Documents/WS/crawler/target/test-classes:/Users/sedhumadhavan/Documents/WS/crawler/target/classes:/Users/sedhumadhavan/.m2/repository/com/microsoft/playwright/playwright/1.29.0/playwright-1.29.0.jar:/Users/sedhumadhavan/.m2/repository/com/google/code/gson/gson/2.8.9/gson-2.8.9.jar:/Users/sedhumadhavan/.m2/repository/org/opentest4j/opentest4j/1.2.0/opentest4j-1.2.0.jar:/Users/sedhumadhavan/.m2/repository/com/microsoft/playwright/driver/1.29.0/driver-1.29.0.jar:/Users/sedhumadhavan/.m2/repository/com/microsoft/playwright/driver-bundle/1.29.0/driver-bundle-1.29.0.jar:/Users/sedhumadhavan/.m2/repository/org/junit/jupiter/junit-jupiter/5.8.2/junit-jupiter-5.8.2.jar:/Users/sedhumadhavan/.m2/repository/org/junit/jupiter/junit-jupiter-api/5.8.2/junit-jupiter-api-5.8.2.jar:/Users/sedhumadhavan/.m2/repository/org/junit/platform/junit-platform-commons/1.8.2/junit-platform-commons-1.8.2.jar:/Users/sedhumadhavan/.m2/repository/org/apiguardian/apiguardian-api/1.1.2/apiguardian-api-1.1.2.jar:/Users/sedhumadhavan/.m2/repository/org/junit/jupiter/junit-jupiter-params/5.8.2/junit-jupiter-params-5.8.2.jar:/Users/sedhumadhavan/.m2/repository/org/junit/jupiter/junit-jupiter-engine/5.8.2/junit-jupiter-engine-5.8.2.jar:/Users/sedhumadhavan/.m2/repository/org/junit/platform/junit-platform-engine/1.8.2/junit-platform-engine-1.8.2.jar:/Users/sedhumadhavan/.m2/repository/org/aeonbits/owner/owner/1.0.12/owner-1.0.12.jar:/Users/sedhumadhavan/.m2/repository/uk/co/jemos/podam/podam/7.2.11.RELEASE/podam-7.2.11.RELEASE.jar:/Users/sedhumadhavan/.m2/repository/net/jcip/jcip-annotations/1.0/jcip-annotations-1.0.jar:/Users/sedhumadhavan/.m2/repository/org/slf4j/slf4j-api/1.7.36/slf4j-api-1.7.36.jar:/Users/sedhumadhavan/.m2/repository/javax/annotation/javax.annotation-api/1.3.2/javax.annotation-api-1.3.2.jar:/Users/sedhumadhavan/.m2/repository/javax/validation/validation-api/2.0.1.Final/validation-api-2.0.1.Final.jar:/Users/sedhumadhavan/.m2/repository/org/apache/commons/commons-lang3/3.12.0/commons-lang3-3.12.0.jar:/Users/sedhumadhavan/.m2/repository/org/apache/logging/log4j/log4j-core/2.17.1/log4j-core-2.17.1.jar:/Users/sedhumadhavan/.m2/repository/org/apache/logging/log4j/log4j-api/2.17.1/log4j-api-2.17.1.jar:/Users/sedhumadhavan/.m2/repository/org/awaitility/awaitility/4.2.0/awaitility-4.2.0.jar:/Users/sedhumadhavan/.m2/repository/org/hamcrest/hamcrest/2.1/hamcrest-2.1.jar:/Users/sedhumadhavan/.m2/repository/org/projectlombok/lombok/1.18.24/lombok-1.18.24.jar:/Users/sedhumadhavan/.m2/repository/org/jsoup/jsoup/1.10.2/jsoup-1.10.2.jar:"/>
    <property name="sun.cpu.endian" value="little"/>
    <property name="user.home" value="/Users/sedhumadhavan"/>
    <property name="user.language" value="en"/>
    <property name="java.specification.vendor" value="Oracle Corporation"/>
    <property name="java.version.date" value="2023-01-17"/>
    <property name="java.home" value="/opt/homebrew/Cellar/openjdk/19.0.2/libexec/openjdk.jdk/Contents/Home"/>
    <property name="file.separator" value="/"/>
    <property name="basedir" value="/Users/sedhumadhavan/Documents/WS/crawler"/>
    <property name="java.vm.compressedOopsMode" value="Zero based"/>
    <property name="line.separator" value="&#10;"/>
    <property name="java.vm.specification.vendor" value="Oracle Corporation"/>
    <property name="java.specification.name" value="Java Platform API Specification"/>
    <property name="apple.awt.application.name" value="ForkedBooter"/>
    <property name="surefire.real.class.path" value="/Users/sedhumadhavan/Documents/WS/crawler/target/surefire/surefirebooter9971816506460591412.jar"/>
    <property name="sun.management.compiler" value="HotSpot 64-Bit Tiered Compilers"/>
    <property name="ftp.nonProxyHosts" value="local|*.local|169.254/16|*.169.254/16"/>
    <property name="java.runtime.version" value="19.0.2"/>
    <property name="user.name" value="sedhumadhavan"/>
    <property name="stdout.encoding" value="UTF-8"/>
    <property name="path.separator" value=":"/>
    <property name="os.version" value="13.2.1"/>
    <property name="java.runtime.name" value="OpenJDK Runtime Environment"/>
    <property name="file.encoding" value="UTF-8"/>
    <property name="java.vm.name" value="OpenJDK 64-Bit Server VM"/>
    <property name="java.vendor.version" value="Homebrew"/>
    <property name="localRepository" value="/Users/sedhumadhavan/.m2/repository"/>
    <property name="java.vendor.url.bug" value="https://github.com/Homebrew/homebrew-core/issues"/>
    <property name="java.io.tmpdir" value="/var/folders/bk/f5r6vj9j2tvc97dt87_bm7j80000gn/T/"/>
    <property name="java.version" value="19.0.2"/>
    <property name="user.dir" value="/Users/sedhumadhavan/Documents/WS/crawler"/>
    <property name="os.arch" value="aarch64"/>
    <property name="java.vm.specification.name" value="Java Virtual Machine Specification"/>
    <property name="native.encoding" value="UTF-8"/>
    <property name="java.library.path" value="/Users/sedhumadhavan/Library/Java/Extensions:/Library/Java/Extensions:/Network/Library/Java/Extensions:/System/Library/Java/Extensions:/usr/lib/java:."/>
    <property name="java.vm.info" value="mixed mode, sharing"/>
    <property name="stderr.encoding" value="UTF-8"/>
    <property name="java.vendor" value="Homebrew"/>
    <property name="java.vm.version" value="19.0.2"/>
    <property name="sun.io.unicode.encoding" value="UnicodeBig"/>
    <property name="socksNonProxyHosts" value="local|*.local|169.254/16|*.169.254/16"/>
    <property name="java.class.version" value="63.0"/>
  </properties>
  <testcase name="scanJobLinks" classname="tests.openJobLinksTest" time="429.817"/>
</testsuite>